[debug] [2024-03-14T17:55:40.787Z] ----------------------------------------------------------------------
[debug] [2024-03-14T17:55:40.796Z] Command:       C:\Program Files\nodejs\node.exe C:\Users\perly\AppData\Roaming\npm\node_modules\firebase-tools\lib\bin\firebase.js deploy
[debug] [2024-03-14T17:55:40.797Z] CLI Version:   13.2.1
[debug] [2024-03-14T17:55:40.797Z] Platform:      win32
[debug] [2024-03-14T17:55:40.797Z] Node Version:  v20.9.0
[debug] [2024-03-14T17:55:40.797Z] Time:          Thu Mar 14 2024 19:55:40 GMT+0200 (Israel Standard Time)
[debug] [2024-03-14T17:55:40.798Z] ----------------------------------------------------------------------
[debug] 
[debug] [2024-03-14T17:55:40.801Z] >>> [apiv2][query] GET https://firebase-public.firebaseio.com/cli.json [none]
[debug] [2024-03-14T17:55:40.955Z] > command requires scopes: ["email","openid","https://www.googleapis.com/auth/cloudplatformprojects.readonly","https://www.googleapis.com/auth/firebase","https://www.googleapis.com/auth/cloud-platform"]
[debug] [2024-03-14T17:55:40.955Z] > authorizing via signed-in user (tkhvu3552@gmail.com)
[debug] [2024-03-14T17:55:40.956Z] [iam] checking project online-shop-491d5 for permissions ["firebase.projects.get","firebasehosting.sites.update"]
[debug] [2024-03-14T17:55:40.957Z] > refreshing access token with scopes: []
[debug] [2024-03-14T17:55:40.958Z] >>> [apiv2][query] POST https://www.googleapis.com/oauth2/v3/token [none]
[debug] [2024-03-14T17:55:40.958Z] >>> [apiv2][body] POST https://www.googleapis.com/oauth2/v3/token [omitted]
[debug] [2024-03-14T17:55:41.226Z] <<< [apiv2][status] POST https://www.googleapis.com/oauth2/v3/token 200
[debug] [2024-03-14T17:55:41.227Z] <<< [apiv2][body] POST https://www.googleapis.com/oauth2/v3/token [omitted]
[debug] [2024-03-14T17:55:41.236Z] >>> [apiv2][query] POST https://cloudresourcemanager.googleapis.com/v1/projects/online-shop-491d5:testIamPermissions [none]
[debug] [2024-03-14T17:55:41.236Z] >>> [apiv2][(partial)header] POST https://cloudresourcemanager.googleapis.com/v1/projects/online-shop-491d5:testIamPermissions x-goog-quota-user=projects/online-shop-491d5
[debug] [2024-03-14T17:55:41.237Z] >>> [apiv2][body] POST https://cloudresourcemanager.googleapis.com/v1/projects/online-shop-491d5:testIamPermissions {"permissions":["firebase.projects.get","firebasehosting.sites.update"]}
[debug] [2024-03-14T17:55:41.402Z] <<< [apiv2][status] GET https://firebase-public.firebaseio.com/cli.json 200
[debug] [2024-03-14T17:55:41.403Z] <<< [apiv2][body] GET https://firebase-public.firebaseio.com/cli.json {"cloudBuildErrorAfter":1594252800000,"cloudBuildWarnAfter":1590019200000,"defaultNode10After":1594252800000,"minVersion":"3.0.5","node8DeploysDisabledAfter":1613390400000,"node8RuntimeDisabledAfter":1615809600000,"node8WarnAfter":1600128000000}
